2025-11-10 16:34:52,042 - INFO - Driver ba≈üarƒ±yla ba≈ülatƒ±ldƒ±
2025-11-10 16:34:52,047 - INFO - Rezervasyon sayfasƒ±na gidiliyor: https://antonello.unime.it/prenotazione-postazione-biblioteca/?formid=28
2025-11-10 16:34:57,331 - INFO - Form dolduruluyor...
2025-11-10 16:34:57,913 - INFO - ‚úÖ ƒ∞sim girildi
2025-11-10 16:36:41,188 - ERROR - ‚ùå Form doldurma hatasƒ±: Message: Element bulunamadƒ±. Denenen stratejiler: [('xpath', "//select[contains(@class, 'tipologia')]"), ('xpath', "//select[@name='tipologia' or @id='tipologia']"), ('xpath', "//select[contains(@id, 'sala') or contains(@name, 'sala')]"), ('id', 'tipologia'), ('name', 'tipologia')]; For documentation on this error, please visit: https://www.selenium.dev/documentation/webdriver/troubleshooting/errors#nosuchelementexception

2025-11-10 16:36:42,294 - INFO - Screenshot kaydedildi: screenshot_20251110_163641.png
2025-11-10 16:36:42,295 - ERROR - üîç Element bulunamadƒ±: Message: Element bulunamadƒ±. Denenen stratejiler: [('xpath', "//select[contains(@class, 'tipologia')]"), ('xpath', "//select[@name='tipologia' or @id='tipologia']"), ('xpath', "//select[contains(@id, 'sala') or contains(@name, 'sala')]"), ('id', 'tipologia'), ('name', 'tipologia')]; For documentation on this error, please visit: https://www.selenium.dev/documentation/webdriver/troubleshooting/errors#nosuchelementexception

2025-11-10 16:36:42,391 - INFO - Screenshot kaydedildi: screenshot_20251110_163642.png
2025-11-10 16:36:42,465 - INFO - Bildirim: Hata! - Element bulunamadƒ±: Message: Element bulunamadƒ±. Denenen stratejiler: [('xpath', "//select[contains(@class, 'tipologia')]"), ('xpath', "//select[@name='tipologia' or @id='tipologia']"), ('xpath', "//select[contains(@id, 'sala') or contains(@name, 'sala')]"), ('id', 'tipologia'), ('name', 'tipologia')]; For documentation on this error, please visit: https://www.selenium.dev/documentation/webdriver/troubleshooting/errors#nosuchelementexception

2025-11-10 16:36:43,859 - INFO - Driver kapatƒ±ldƒ±
2025-11-10 16:39:49,475 - INFO - Driver ba≈üarƒ±yla ba≈ülatƒ±ldƒ±
2025-11-10 16:39:49,478 - INFO - Rezervasyon sayfasƒ±na gidiliyor: https://antonello.unime.it/prenotazione-postazione-biblioteca/?formid=28
2025-11-10 16:39:54,503 - INFO - Form dolduruluyor...
2025-11-10 16:39:55,035 - INFO - ‚úÖ ƒ∞sim girildi
2025-11-10 16:39:55,586 - INFO - ‚úÖ Salon tipi se√ßildi: Sala Lettura -Rettorato
2025-11-10 16:39:56,440 - INFO - ‚úÖ Email girildi
2025-11-10 16:39:57,288 - INFO - ‚úÖ Matricola girildi
2025-11-10 16:39:57,798 - INFO - Tarih se√ßiliyor...
2025-11-10 16:40:48,876 - INFO - ‚úÖ M√ºsait tarih se√ßildi: 10
2025-11-10 16:41:20,569 - INFO - ‚úÖ Saat se√ßildi: No more slots available.
2025-11-10 16:41:22,075 - INFO - Checkboxlar i≈üaretleniyor...
2025-11-10 16:41:22,121 - INFO - ‚úÖ ƒ∞lk checkbox i≈üaretlendi (fieldname3_1)
2025-11-10 16:41:22,461 - INFO - ‚úÖ ƒ∞kinci checkbox i≈üaretlendi (fieldname6_1)
2025-11-10 16:41:23,779 - INFO - Rezervasyon g√∂nderiliyor...
2025-11-10 16:42:08,761 - INFO - ‚úÖ Rezervasyon g√∂nderildi
2025-11-10 16:42:13,813 - WARNING - ‚ùå Hata mesajƒ± bulundu: error
2025-11-10 16:42:13,814 - WARNING - ‚ö†Ô∏è Rezervasyon ba≈üarƒ±sƒ±z oldu - ba≈üarƒ± mesajƒ± bulunamadƒ±
2025-11-10 16:42:14,030 - INFO - Screenshot kaydedildi: screenshot_20251110_164213.png
2025-11-10 16:42:16,025 - INFO - Driver kapatƒ±ldƒ±
2025-11-10 16:51:51,740 - INFO - ============================================================
2025-11-10 16:51:51,740 - INFO - ƒ∞TALYA SAATƒ∞NE G√ñRE ZAMANLANMI≈û REZERVASYON
2025-11-10 16:51:51,740 - INFO - ============================================================
2025-11-10 16:51:51,741 - INFO - ≈ûu anki ƒ∞talya saati: 2025-11-10 16:51:51
2025-11-10 16:51:51,741 - INFO - ‚úÖ Zamanlayƒ±cƒ± eklendi: Her g√ºn 00:00 (ƒ∞talya saati)
2025-11-10 16:51:51,741 - INFO - ‚úÖ Zamanlayƒ±cƒ± eklendi: Her g√ºn 08:00 (ƒ∞talya saati)
2025-11-10 16:51:51,741 - INFO - ============================================================
2025-11-10 16:51:51,741 - INFO - Zamanlayƒ±cƒ±lar aktif. Bot √ßalƒ±≈ümaya devam ediyor...
2025-11-10 16:51:51,741 - INFO - Durdurmak i√ßin Ctrl+C basƒ±n
2025-11-10 16:51:51,741 - INFO - ============================================================
2025-11-11 09:27:44,667 - INFO - 
‚èπÔ∏è Zamanlayƒ±cƒ± durduruldu.
2025-11-11 09:28:27,275 - INFO - Driver ba≈üarƒ±yla ba≈ülatƒ±ldƒ±
2025-11-11 09:28:27,573 - INFO - Rezervasyon sayfasƒ±na gidiliyor: https://antonello.unime.it/prenotazione-postazione-biblioteca/?formid=28
2025-11-11 09:28:32,784 - INFO - Form dolduruluyor...
2025-11-11 09:28:33,241 - INFO - ‚úÖ ƒ∞sim girildi
2025-11-11 09:28:33,782 - INFO - ‚úÖ Salon tipi se√ßildi: Sala Lettura -Rettorato
2025-11-11 09:28:34,639 - INFO - ‚úÖ Email girildi
2025-11-11 09:28:35,501 - INFO - ‚úÖ Matricola girildi
2025-11-11 09:28:36,007 - INFO - Tarih se√ßiliyor...
2025-11-11 09:28:56,226 - INFO - ‚úÖ M√ºsait tarih se√ßildi: 14
2025-11-11 09:29:33,221 - WARNING - Retrying (Retry(total=2, connect=None, read=None, redirect=None, status=None)) after connection broken by 'NewConnectionError('<urllib3.connection.HTTPConnection object at 0x1069f65d0>: Failed to establish a new connection: [Errno 61] Connection refused')': /session/05a0b4368835490573e894e5faaf92d8/elements
2025-11-11 09:29:33,285 - WARNING - Retrying (Retry(total=1, connect=None, read=None, redirect=None, status=None)) after connection broken by 'NewConnectionError('<urllib3.connection.HTTPConnection object at 0x1069f6210>: Failed to establish a new connection: [Errno 61] Connection refused')': /session/05a0b4368835490573e894e5faaf92d8/elements
2025-11-11 09:29:33,286 - WARNING - Retrying (Retry(total=0, connect=None, read=None, redirect=None, status=None)) after connection broken by 'NewConnectionError('<urllib3.connection.HTTPConnection object at 0x106a05810>: Failed to establish a new connection: [Errno 61] Connection refused')': /session/05a0b4368835490573e894e5faaf92d8/elements
2025-11-11 09:29:33,416 - WARNING - Retrying (Retry(total=2, connect=None, read=None, redirect=None, status=None)) after connection broken by 'NewConnectionError('<urllib3.connection.HTTPConnection object at 0x106a296d0>: Failed to establish a new connection: [Errno 61] Connection refused')': /session/05a0b4368835490573e894e5faaf92d8/elements
2025-11-11 09:29:33,425 - WARNING - Retrying (Retry(total=1, connect=None, read=None, redirect=None, status=None)) after connection broken by 'NewConnectionError('<urllib3.connection.HTTPConnection object at 0x10697b570>: Failed to establish a new connection: [Errno 61] Connection refused')': /session/05a0b4368835490573e894e5faaf92d8/elements
2025-11-11 09:29:33,427 - WARNING - Retrying (Retry(total=0, connect=None, read=None, redirect=None, status=None)) after connection broken by 'NewConnectionError('<urllib3.connection.HTTPConnection object at 0x10697b240>: Failed to establish a new connection: [Errno 61] Connection refused')': /session/05a0b4368835490573e894e5faaf92d8/elements
2025-11-11 09:29:33,429 - WARNING - Retrying (Retry(total=2, connect=None, read=None, redirect=None, status=None)) after connection broken by 'NewConnectionError('<urllib3.connection.HTTPConnection object at 0x10697b9b0>: Failed to establish a new connection: [Errno 61] Connection refused')': /session/05a0b4368835490573e894e5faaf92d8/elements
2025-11-11 09:29:33,430 - WARNING - Retrying (Retry(total=1, connect=None, read=None, redirect=None, status=None)) after connection broken by 'NewConnectionError('<urllib3.connection.HTTPConnection object at 0x10697bbd0>: Failed to establish a new connection: [Errno 61] Connection refused')': /session/05a0b4368835490573e894e5faaf92d8/elements
2025-11-11 09:29:33,431 - WARNING - Retrying (Retry(total=0, connect=None, read=None, redirect=None, status=None)) after connection broken by 'NewConnectionError('<urllib3.connection.HTTPConnection object at 0x10697bdf0>: Failed to establish a new connection: [Errno 61] Connection refused')': /session/05a0b4368835490573e894e5faaf92d8/elements
2025-11-11 09:29:33,433 - INFO - Saat se√ßimi gerekmiyor veya bulunamadƒ±
2025-11-11 09:29:34,440 - INFO - Checkboxlar i≈üaretleniyor...
2025-11-11 09:29:34,468 - WARNING - Retrying (Retry(total=2, connect=None, read=None, redirect=None, status=None)) after connection broken by 'NewConnectionError('<urllib3.connection.HTTPConnection object at 0x106aa4380>: Failed to establish a new connection: [Errno 61] Connection refused')': /session/05a0b4368835490573e894e5faaf92d8/element
2025-11-11 09:29:34,470 - WARNING - Retrying (Retry(total=1, connect=None, read=None, redirect=None, status=None)) after connection broken by 'NewConnectionError('<urllib3.connection.HTTPConnection object at 0x106aa45a0>: Failed to establish a new connection: [Errno 61] Connection refused')': /session/05a0b4368835490573e894e5faaf92d8/element
2025-11-11 09:29:34,470 - WARNING - Retrying (Retry(total=0, connect=None, read=None, redirect=None, status=None)) after connection broken by 'NewConnectionError('<urllib3.connection.HTTPConnection object at 0x106aa47c0>: Failed to establish a new connection: [Errno 61] Connection refused')': /session/05a0b4368835490573e894e5faaf92d8/element
2025-11-11 09:29:34,471 - WARNING - ƒ∞lk checkbox (fieldname3_1) bulunamadƒ±
2025-11-11 09:29:34,471 - WARNING - Retrying (Retry(total=2, connect=None, read=None, redirect=None, status=None)) after connection broken by 'NewConnectionError('<urllib3.connection.HTTPConnection object at 0x106aa4e20>: Failed to establish a new connection: [Errno 61] Connection refused')': /session/05a0b4368835490573e894e5faaf92d8/element
2025-11-11 09:29:34,472 - WARNING - Retrying (Retry(total=1, connect=None, read=None, redirect=None, status=None)) after connection broken by 'NewConnectionError('<urllib3.connection.HTTPConnection object at 0x106aa5040>: Failed to establish a new connection: [Errno 61] Connection refused')': /session/05a0b4368835490573e894e5faaf92d8/element
2025-11-11 09:29:34,472 - WARNING - Retrying (Retry(total=0, connect=None, read=None, redirect=None, status=None)) after connection broken by 'NewConnectionError('<urllib3.connection.HTTPConnection object at 0x106aa5260>: Failed to establish a new connection: [Errno 61] Connection refused')': /session/05a0b4368835490573e894e5faaf92d8/element
2025-11-11 09:29:34,472 - WARNING - ƒ∞kinci checkbox (fieldname6_1) bulunamadƒ±
2025-11-11 09:29:34,484 - WARNING - Retrying (Retry(total=2, connect=None, read=None, redirect=None, status=None)) after connection broken by 'NewConnectionError('<urllib3.connection.HTTPConnection object at 0x106aa57b0>: Failed to establish a new connection: [Errno 61] Connection refused')': /session/05a0b4368835490573e894e5faaf92d8/elements
2025-11-11 09:29:34,485 - WARNING - Retrying (Retry(total=1, connect=None, read=None, redirect=None, status=None)) after connection broken by 'NewConnectionError('<urllib3.connection.HTTPConnection object at 0x106aa59d0>: Failed to establish a new connection: [Errno 61] Connection refused')': /session/05a0b4368835490573e894e5faaf92d8/elements
2025-11-11 09:29:34,485 - WARNING - Retrying (Retry(total=0, connect=None, read=None, redirect=None, status=None)) after connection broken by 'NewConnectionError('<urllib3.connection.HTTPConnection object at 0x106aa5bf0>: Failed to establish a new connection: [Errno 61] Connection refused')': /session/05a0b4368835490573e894e5faaf92d8/elements
2025-11-11 09:29:34,485 - WARNING - ‚ö†Ô∏è Checkbox i≈üaretleme hatasƒ±: HTTPConnectionPool(host='localhost', port=62660): Max retries exceeded with url: /session/05a0b4368835490573e894e5faaf92d8/elements (Caused by NewConnectionError('<urllib3.connection.HTTPConnection object at 0x106aa5e10>: Failed to establish a new connection: [Errno 61] Connection refused'))
2025-11-11 09:29:35,491 - INFO - Rezervasyon g√∂nderiliyor...
2025-11-11 09:29:35,507 - WARNING - Retrying (Retry(total=2, connect=None, read=None, redirect=None, status=None)) after connection broken by 'NewConnectionError('<urllib3.connection.HTTPConnection object at 0x106aa6140>: Failed to establish a new connection: [Errno 61] Connection refused')': /session/05a0b4368835490573e894e5faaf92d8/element
2025-11-11 09:29:35,507 - WARNING - Retrying (Retry(total=1, connect=None, read=None, redirect=None, status=None)) after connection broken by 'NewConnectionError('<urllib3.connection.HTTPConnection object at 0x106aa6360>: Failed to establish a new connection: [Errno 61] Connection refused')': /session/05a0b4368835490573e894e5faaf92d8/element
2025-11-11 09:29:35,507 - WARNING - Retrying (Retry(total=0, connect=None, read=None, redirect=None, status=None)) after connection broken by 'NewConnectionError('<urllib3.connection.HTTPConnection object at 0x106aa6580>: Failed to establish a new connection: [Errno 61] Connection refused')': /session/05a0b4368835490573e894e5faaf92d8/element
2025-11-11 09:29:35,508 - ERROR - ‚ùå Form g√∂nderme hatasƒ±: HTTPConnectionPool(host='localhost', port=62660): Max retries exceeded with url: /session/05a0b4368835490573e894e5faaf92d8/element (Caused by NewConnectionError('<urllib3.connection.HTTPConnection object at 0x106aa67a0>: Failed to establish a new connection: [Errno 61] Connection refused'))
2025-11-11 09:29:35,631 - WARNING - Retrying (Retry(total=2, connect=None, read=None, redirect=None, status=None)) after connection broken by 'NewConnectionError('<urllib3.connection.HTTPConnection object at 0x106aa6cf0>: Failed to establish a new connection: [Errno 61] Connection refused')': /session/05a0b4368835490573e894e5faaf92d8/screenshot
2025-11-11 09:29:35,636 - WARNING - Retrying (Retry(total=1, connect=None, read=None, redirect=None, status=None)) after connection broken by 'NewConnectionError('<urllib3.connection.HTTPConnection object at 0x106aa6f10>: Failed to establish a new connection: [Errno 61] Connection refused')': /session/05a0b4368835490573e894e5faaf92d8/screenshot
2025-11-11 09:29:35,637 - WARNING - Retrying (Retry(total=0, connect=None, read=None, redirect=None, status=None)) after connection broken by 'NewConnectionError('<urllib3.connection.HTTPConnection object at 0x106aa7130>: Failed to establish a new connection: [Errno 61] Connection refused')': /session/05a0b4368835490573e894e5faaf92d8/screenshot
2025-11-11 09:29:35,637 - WARNING - Screenshot alƒ±namadƒ±: HTTPConnectionPool(host='localhost', port=62660): Max retries exceeded with url: /session/05a0b4368835490573e894e5faaf92d8/screenshot (Caused by NewConnectionError('<urllib3.connection.HTTPConnection object at 0x106aa7350>: Failed to establish a new connection: [Errno 61] Connection refused'))
2025-11-11 09:29:35,637 - ERROR - ‚ùå Rezervasyon hatasƒ±: HTTPConnectionPool(host='localhost', port=62660): Max retries exceeded with url: /session/05a0b4368835490573e894e5faaf92d8/element (Caused by NewConnectionError('<urllib3.connection.HTTPConnection object at 0x106aa67a0>: Failed to establish a new connection: [Errno 61] Connection refused'))
Traceback (most recent call last):
  File "/Users/alico/Downloads/unime_library_bot/venv/lib/python3.13/site-packages/urllib3/connection.py", line 198, in _new_conn
    sock = connection.create_connection(
        (self._dns_host, self.port),
    ...<2 lines>...
        socket_options=self.socket_options,
    )
  File "/Users/alico/Downloads/unime_library_bot/venv/lib/python3.13/site-packages/urllib3/util/connection.py", line 85, in create_connection
    raise err
  File "/Users/alico/Downloads/unime_library_bot/venv/lib/python3.13/site-packages/urllib3/util/connection.py", line 73, in create_connection
    sock.connect(sa)
    ~~~~~~~~~~~~^^^^
ConnectionRefusedError: [Errno 61] Connection refused

The above exception was the direct cause of the following exception:

Traceback (most recent call last):
  File "/Users/alico/Downloads/unime_library_bot/venv/lib/python3.13/site-packages/urllib3/connectionpool.py", line 787, in urlopen
    response = self._make_request(
        conn,
    ...<10 lines>...
        **response_kw,
    )
  File "/Users/alico/Downloads/unime_library_bot/venv/lib/python3.13/site-packages/urllib3/connectionpool.py", line 493, in _make_request
    conn.request(
    ~~~~~~~~~~~~^
        method,
        ^^^^^^^
    ...<6 lines>...
        enforce_content_length=enforce_content_length,
        ^^^^^^^^^^^^^^^^^^^^^^^^^^^^^^^^^^^^^^^^^^^^^^
    )
    ^
  File "/Users/alico/Downloads/unime_library_bot/venv/lib/python3.13/site-packages/urllib3/connection.py", line 494, in request
    self.endheaders()
    ~~~~~~~~~~~~~~~^^
  File "/opt/homebrew/Cellar/python@3.13/3.13.2/Frameworks/Python.framework/Versions/3.13/lib/python3.13/http/client.py", line 1333, in endheaders
    self._send_output(message_body, encode_chunked=encode_chunked)
    ~~~~~~~~~~~~~~~~~^^^^^^^^^^^^^^^^^^^^^^^^^^^^^^^^^^^^^^^^^^^^^
  File "/opt/homebrew/Cellar/python@3.13/3.13.2/Frameworks/Python.framework/Versions/3.13/lib/python3.13/http/client.py", line 1093, in _send_output
    self.send(msg)
    ~~~~~~~~~^^^^^
  File "/opt/homebrew/Cellar/python@3.13/3.13.2/Frameworks/Python.framework/Versions/3.13/lib/python3.13/http/client.py", line 1037, in send
    self.connect()
    ~~~~~~~~~~~~^^
  File "/Users/alico/Downloads/unime_library_bot/venv/lib/python3.13/site-packages/urllib3/connection.py", line 325, in connect
    self.sock = self._new_conn()
                ~~~~~~~~~~~~~~^^
  File "/Users/alico/Downloads/unime_library_bot/venv/lib/python3.13/site-packages/urllib3/connection.py", line 213, in _new_conn
    raise NewConnectionError(
        self, f"Failed to establish a new connection: {e}"
    ) from e
urllib3.exceptions.NewConnectionError: <urllib3.connection.HTTPConnection object at 0x106aa67a0>: Failed to establish a new connection: [Errno 61] Connection refused

The above exception was the direct cause of the following exception:

Traceback (most recent call last):
  File "/Users/alico/Downloads/unime_library_bot/unime_library_bot.py", line 251, in rezervasyon_yap
    self._rezervasyonu_gonder()
    ~~~~~~~~~~~~~~~~~~~~~~~~~^^
  File "/Users/alico/Downloads/unime_library_bot/unime_library_bot.py", line 612, in _rezervasyonu_gonder
    submit_button = self._find_element_multiple_strategies(submit_strategies)
  File "/Users/alico/Downloads/unime_library_bot/unime_library_bot.py", line 90, in _find_element_multiple_strategies
    element = wait.until(EC.presence_of_element_located((by, selector)))
  File "/Users/alico/Downloads/unime_library_bot/venv/lib/python3.13/site-packages/selenium/webdriver/support/wait.py", line 129, in until
    value = method(self._driver)
  File "/Users/alico/Downloads/unime_library_bot/venv/lib/python3.13/site-packages/selenium/webdriver/support/expected_conditions.py", line 104, in _predicate
    return driver.find_element(*locator)
           ~~~~~~~~~~~~~~~~~~~^^^^^^^^^^
  File "/Users/alico/Downloads/unime_library_bot/venv/lib/python3.13/site-packages/selenium/webdriver/remote/webdriver.py", line 926, in find_element
    return self.execute(Command.FIND_ELEMENT, {"using": by, "value": value})["value"]
           ~~~~~~~~~~~~^^^^^^^^^^^^^^^^^^^^^^^^^^^^^^^^^^^^^^^^^^^^^^^^^^^^^
  File "/Users/alico/Downloads/unime_library_bot/venv/lib/python3.13/site-packages/selenium/webdriver/remote/webdriver.py", line 455, in execute
    response = cast(RemoteConnection, self.command_executor).execute(driver_command, params)
  File "/Users/alico/Downloads/unime_library_bot/venv/lib/python3.13/site-packages/selenium/webdriver/remote/remote_connection.py", line 407, in execute
    return self._request(command_info[0], url, body=data)
           ~~~~~~~~~~~~~^^^^^^^^^^^^^^^^^^^^^^^^^^^^^^^^^
  File "/Users/alico/Downloads/unime_library_bot/venv/lib/python3.13/site-packages/selenium/webdriver/remote/remote_connection.py", line 431, in _request
    response = self._conn.request(method, url, body=body, headers=headers, timeout=self._client_config.timeout)
  File "/Users/alico/Downloads/unime_library_bot/venv/lib/python3.13/site-packages/urllib3/_request_methods.py", line 143, in request
    return self.request_encode_body(
           ~~~~~~~~~~~~~~~~~~~~~~~~^
        method, url, fields=fields, headers=headers, **urlopen_kw
        ^^^^^^^^^^^^^^^^^^^^^^^^^^^^^^^^^^^^^^^^^^^^^^^^^^^^^^^^^
    )
    ^
  File "/Users/alico/Downloads/unime_library_bot/venv/lib/python3.13/site-packages/urllib3/_request_methods.py", line 278, in request_encode_body
    return self.urlopen(method, url, **extra_kw)
           ~~~~~~~~~~~~^^^^^^^^^^^^^^^^^^^^^^^^^
  File "/Users/alico/Downloads/unime_library_bot/venv/lib/python3.13/site-packages/urllib3/poolmanager.py", line 459, in urlopen
    response = conn.urlopen(method, u.request_uri, **kw)
  File "/Users/alico/Downloads/unime_library_bot/venv/lib/python3.13/site-packages/urllib3/connectionpool.py", line 871, in urlopen
    return self.urlopen(
           ~~~~~~~~~~~~^
        method,
        ^^^^^^^
    ...<13 lines>...
        **response_kw,
        ^^^^^^^^^^^^^^
    )
    ^
  File "/Users/alico/Downloads/unime_library_bot/venv/lib/python3.13/site-packages/urllib3/connectionpool.py", line 871, in urlopen
    return self.urlopen(
           ~~~~~~~~~~~~^
        method,
        ^^^^^^^
    ...<13 lines>...
        **response_kw,
        ^^^^^^^^^^^^^^
    )
    ^
  File "/Users/alico/Downloads/unime_library_bot/venv/lib/python3.13/site-packages/urllib3/connectionpool.py", line 871, in urlopen
    return self.urlopen(
           ~~~~~~~~~~~~^
        method,
        ^^^^^^^
    ...<13 lines>...
        **response_kw,
        ^^^^^^^^^^^^^^
    )
    ^
  File "/Users/alico/Downloads/unime_library_bot/venv/lib/python3.13/site-packages/urllib3/connectionpool.py", line 841, in urlopen
    retries = retries.increment(
        method, url, error=new_e, _pool=self, _stacktrace=sys.exc_info()[2]
    )
  File "/Users/alico/Downloads/unime_library_bot/venv/lib/python3.13/site-packages/urllib3/util/retry.py", line 519, in increment
    raise MaxRetryError(_pool, url, reason) from reason  # type: ignore[arg-type]
    ^^^^^^^^^^^^^^^^^^^^^^^^^^^^^^^^^^^^^^^^^^^^^^^^^^^
urllib3.exceptions.MaxRetryError: HTTPConnectionPool(host='localhost', port=62660): Max retries exceeded with url: /session/05a0b4368835490573e894e5faaf92d8/element (Caused by NewConnectionError('<urllib3.connection.HTTPConnection object at 0x106aa67a0>: Failed to establish a new connection: [Errno 61] Connection refused'))
2025-11-11 09:29:37,817 - WARNING - Retrying (Retry(total=2, connect=None, read=None, redirect=None, status=None)) after connection broken by 'NewConnectionError('<urllib3.connection.HTTPConnection object at 0x106aa7680>: Failed to establish a new connection: [Errno 61] Connection refused')': /session/05a0b4368835490573e894e5faaf92d8/screenshot
2025-11-11 09:29:37,823 - WARNING - Retrying (Retry(total=1, connect=None, read=None, redirect=None, status=None)) after connection broken by 'NewConnectionError('<urllib3.connection.HTTPConnection object at 0x106aa7790>: Failed to establish a new connection: [Errno 61] Connection refused')': /session/05a0b4368835490573e894e5faaf92d8/screenshot
2025-11-11 09:29:37,830 - WARNING - Retrying (Retry(total=0, connect=None, read=None, redirect=None, status=None)) after connection broken by 'NewConnectionError('<urllib3.connection.HTTPConnection object at 0x106aa7bd0>: Failed to establish a new connection: [Errno 61] Connection refused')': /session/05a0b4368835490573e894e5faaf92d8/screenshot
2025-11-11 09:29:37,832 - WARNING - Screenshot alƒ±namadƒ±: HTTPConnectionPool(host='localhost', port=62660): Max retries exceeded with url: /session/05a0b4368835490573e894e5faaf92d8/screenshot (Caused by NewConnectionError('<urllib3.connection.HTTPConnection object at 0x106aa7df0>: Failed to establish a new connection: [Errno 61] Connection refused'))
2025-11-11 09:29:37,889 - INFO - Bildirim: Hata! - Rezervasyon yapƒ±lamadƒ±: HTTPConnectionPool(host='localhost', port=62660): Max retries exceeded with url: /session/05a0b4368835490573e894e5faaf92d8/element (Caused by NewConnectionError('<urllib3.connection.HTTPConnection object at 0x106aa67a0>: Failed to establish a new connection: [Errno 61] Connection refused'))
2025-11-11 09:29:37,891 - WARNING - Retrying (Retry(total=2, connect=None, read=None, redirect=None, status=None)) after connection broken by 'NewConnectionError('<urllib3.connection.HTTPConnection object at 0x106d08160>: Failed to establish a new connection: [Errno 61] Connection refused')': /session/05a0b4368835490573e894e5faaf92d8
2025-11-11 09:29:37,891 - WARNING - Retrying (Retry(total=1, connect=None, read=None, redirect=None, status=None)) after connection broken by 'NewConnectionError('<urllib3.connection.HTTPConnection object at 0x106d08490>: Failed to establish a new connection: [Errno 61] Connection refused')': /session/05a0b4368835490573e894e5faaf92d8
2025-11-11 09:29:37,892 - WARNING - Retrying (Retry(total=0, connect=None, read=None, redirect=None, status=None)) after connection broken by 'NewConnectionError('<urllib3.connection.HTTPConnection object at 0x106d08380>: Failed to establish a new connection: [Errno 61] Connection refused')': /session/05a0b4368835490573e894e5faaf92d8
2025-11-11 09:29:37,897 - INFO - Driver kapatƒ±ldƒ±
